<?xml version="1.0" encoding="UTF-8"?>
<testsuite name="LinkedListTest" tests="1" skipped="0" failures="0" errors="0" timestamp="2016-07-02T21:33:20" hostname="Jonathans-MacBook-Pro.local" time="0.001">
  <properties/>
  <testcase name="testHeadNode" classname="LinkedListTest" time="0.001"/>
  <system-out><![CDATA[]]></system-out>
  <system-err><![CDATA[]]></system-err>
</testsuite>
