<?xml version="1.0" encoding="UTF-8"?>
<testsuite name="LinkedListTest" tests="9" skipped="0" failures="0" errors="0" timestamp="2016-07-02T22:16:04" hostname="Jonathans-MacBook-Pro.local" time="0.005">
  <properties/>
  <testcase name="testUpdateNode" classname="LinkedListTest" time="0.002"/>
  <testcase name="testPopNode" classname="LinkedListTest" time="0.0"/>
  <testcase name="testFindParent" classname="LinkedListTest" time="0.0"/>
  <testcase name="testHeadNode" classname="LinkedListTest" time="0.0"/>
  <testcase name="testTailNode" classname="LinkedListTest" time="0.0"/>
  <testcase name="testFindNode" classname="LinkedListTest" time="0.0"/>
  <testcase name="testInsertNode" classname="LinkedListTest" time="0.0"/>
  <testcase name="testDeleteNode" classname="LinkedListTest" time="0.0"/>
  <testcase name="testLength" classname="LinkedListTest" time="0.0"/>
  <system-out><![CDATA[]]></system-out>
  <system-err><![CDATA[]]></system-err>
</testsuite>
